<?xml version="1.0" encoding="UTF-8"?>
<!-- Generated by org.testng.reporters.JUnitReportReporter -->
<testsuite skipped="0" hostname="LAPTOP-2MSQFB4O" name="com.learning.framework.tests.Test1" tests="1" failures="0" timestamp="2019-09-01T20:41:54 IST" time="11.240" errors="0">
  <testcase name="testing" time="11.240" classname="com.learning.framework.tests.Test1"/>
</testsuite> <!-- com.learning.framework.tests.Test1 -->
